/home/exopole/Documents/Projet/VTKProject/Cornee/src/DataPachymetry.cpp: In member function ‘void DataPachymetry::findPointIntersect(Triangle*, float, std::vector<std::vector<float> >*)’:
/home/exopole/Documents/Projet/VTKProject/Cornee/src/DataPachymetry.cpp:220:22: error: request for member ‘size’ in ‘matrice’, which is of pointer type ‘std::vector<std::vector<float> >*’ (maybe you meant to use ‘->’ ?)
  while ( x < matrice.size()){
                      ^
/home/exopole/Documents/Projet/VTKProject/Cornee/src/DataPachymetry.cpp:224:22: error: no match for ‘operator!=’ (operand types are ‘std::vector<float>’ and ‘float’)
    if (matrice[x][y] != valeurNull && anterior[x][y] == valeurNull ){
                      ^
/home/exopole/Documents/Projet/VTKProject/Cornee/src/DataPachymetry.cpp:224:22: note: candidates are:
In file included from /usr/include/c++/4.8/vector:64:0,
                 from /home/exopole/Documents/Projet/VTKProject/Cornee/include/ParserString.h:4,
                 from /home/exopole/Documents/Projet/VTKProject/Cornee/include/UtilsVector.h:5,
                 from /home/exopole/Documents/Projet/VTKProject/Cornee/include/DataPachymetry.h:4,
                 from /home/exopole/Documents/Projet/VTKProject/Cornee/src/DataPachymetry.cpp:1:
/usr/include/c++/4.8/bits/stl_vector.h:1428:5: note: template<class _Tp, class _Alloc> bool std::operator!=(const std::vector<_Tp, _Alloc>&, const std::vector<_Tp, _Alloc>&)
     operator!=(const vector<_Tp, _Alloc>& __x, const vector<_Tp, _Alloc>& __y)
     ^
/usr/include/c++/4.8/bits/stl_vector.h:1428:5: note:   template argument deduction/substitution failed:
/home/exopole/Documents/Projet/VTKProject/Cornee/src/DataPachymetry.cpp:224:25: note:   mismatched types ‘const std::vector<_Tp, _Alloc>’ and ‘float’
    if (matrice[x][y] != valeurNull && anterior[x][y] == valeurNull ){
                         ^
In file included from /usr/include/c++/4.8/bits/locale_facets.h:48:0,
                 from /usr/include/c++/4.8/bits/basic_ios.h:37,
                 from /usr/include/c++/4.8/ios:44,
                 from /usr/include/c++/4.8/ostream:38,
                 from /usr/include/c++/4.8/iostream:39,
                 from /home/exopole/Documents/Projet/VTKProject/Cornee/include/UtilsVector.h:4,
                 from /home/exopole/Documents/Projet/VTKProject/Cornee/include/DataPachymetry.h:4,
                 from /home/exopole/Documents/Projet/VTKProject/Cornee/src/DataPachymetry.cpp:1:
/usr/include/c++/4.8/bits/streambuf_iterator.h:210:5: note: template<class _CharT, class _Traits> bool std::operator!=(const std::istreambuf_iterator<_CharT, _Traits>&, const std::istreambuf_iterator<_CharT, _Traits>&)
     operator!=(const istreambuf_iterator<_CharT, _Traits>& __a,
     ^
/usr/include/c++/4.8/bits/streambuf_iterator.h:210:5: note:   template argument deduction/substitution failed:
/home/exopole/Documents/Projet/VTKProject/Cornee/src/DataPachymetry.cpp:224:25: note:   ‘std::vector<float>’ is not derived from ‘const std::istreambuf_iterator<_CharT, _Traits>’
    if (matrice[x][y] != valeurNull && anterior[x][y] == valeurNull ){
                         ^
In file included from /usr/include/c++/4.8/string:52:0,
                 from /usr/include/c++/4.8/bits/locale_classes.h:40,
                 from /usr/include/c++/4.8/bits/ios_base.h:41,
                 from /usr/include/c++/4.8/ios:42,
                 from /usr/include/c++/4.8/ostream:38,
                 from /usr/include/c++/4.8/iostream:39,
                 from /home/exopole/Documents/Projet/VTKProject/Cornee/include/UtilsVector.h:4,
                 from /home/exopole/Documents/Projet/VTKProject/Cornee/include/DataPachymetry.h:4,
                 from /home/exopole/Documents/Projet/VTKProject/Cornee/src/DataPachymetry.cpp:1:
/usr/include/c++/4.8/bits/basic_string.h:2556:5: note: template<class _CharT, class _Traits, class _Alloc> bool std::operator!=(const std::basic_string<_CharT, _Traits, _Alloc>&, const _CharT*)
     operator!=(const basic_string<_CharT, _Traits, _Alloc>& __lhs,
     ^
/usr/include/c++/4.8/bits/basic_string.h:2556:5: note:   template argument deduction/substitution failed:
/home/exopole/Documents/Projet/VTKProject/Cornee/src/DataPachymetry.cpp:224:25: note:   ‘std::vector<float>’ is not derived from ‘const std::basic_string<_CharT, _Traits, _Alloc>’
    if (matrice[x][y] != valeurNull && anterior[x][y] == valeurNull ){
                         ^
In file included from /usr/include/c++/4.8/string:52:0,
                 from /usr/include/c++/4.8/bits/locale_classes.h:40,
                 from /usr/include/c++/4.8/bits/ios_base.h:41,
                 from /usr/include/c++/4.8/ios:42,
                 from /usr/include/c++/4.8/ostream:38,
                 from /usr/include/c++/4.8/iostream:39,
                 from /home/exopole/Documents/Projet/VTKProject/Cornee/include/UtilsVector.h:4,
                 from /home/exopole/Documents/Projet/VTKProject/Cornee/include/DataPachymetry.h:4,
                 from /home/exopole/Documents/Projet/VTKProject/Cornee/src/DataPachymetry.cpp:1:
/usr/include/c++/4.8/bits/basic_string.h:2544:5: note: template<class _CharT, class _Traits, class _Alloc> bool std::operator!=(const _CharT*, const std::basic_string<_CharT, _Traits, _Alloc>&)
     operator!=(const _CharT* __lhs,
     ^
/usr/include/c++/4.8/bits/basic_string.h:2544:5: note:   template argument deduction/substitution failed:
/home/exopole/Documents/Projet/VTKProject/Cornee/src/DataPachymetry.cpp:224:25: note:   mismatched types ‘const _CharT*’ and ‘std::vector<float>’
    if (matrice[x][y] != valeurNull && anterior[x][y] == valeurNull ){
                         ^
In file included from /usr/include/c++/4.8/string:52:0,
                 from /usr/include/c++/4.8/bits/locale_classes.h:40,
                 from /usr/include/c++/4.8/bits/ios_base.h:41,
                 from /usr/include/c++/4.8/ios:42,
                 from /usr/include/c++/4.8/ostream:38,
                 from /usr/include/c++/4.8/iostream:39,
                 from /home/exopole/Documents/Projet/VTKProject/Cornee/include/UtilsVector.h:4,
                 from /home/exopole/Documents/Projet/VTKProject/Cornee/include/DataPachymetry.h:4,
                 from /home/exopole/Documents/Projet/VTKProject/Cornee/src/DataPachymetry.cpp:1:
/usr/include/c++/4.8/bits/basic_string.h:2532:5: note: template<class _CharT, class _Traits, class _Alloc> bool std::operator!=(const std::basic_string<_CharT, _Traits, _Alloc>&, const std::basic_string<_CharT, _Traits, _Alloc>&)
     operator!=(const basic_string<_CharT, _Traits, _Alloc>& __lhs,
     ^
/usr/include/c++/4.8/bits/basic_string.h:2532:5: note:   template argument deduction/substitution failed:
/home/exopole/Documents/Projet/VTKProject/Cornee/src/DataPachymetry.cpp:224:25: note:   ‘std::vector<float>’ is not derived from ‘const std::basic_string<_CharT, _Traits, _Alloc>’
    if (matrice[x][y] != valeurNull && anterior[x][y] == valeurNull ){
                         ^
In file included from /usr/include/c++/4.8/string:41:0,
                 from /usr/include/c++/4.8/bits/locale_classes.h:40,
                 from /usr/include/c++/4.8/bits/ios_base.h:41,
                 from /usr/include/c++/4.8/ios:42,
                 from /usr/include/c++/4.8/ostream:38,
                 from /usr/include/c++/4.8/iostream:39,
                 from /home/exopole/Documents/Projet/VTKProject/Cornee/include/UtilsVector.h:4,
                 from /home/exopole/Documents/Projet/VTKProject/Cornee/include/DataPachymetry.h:4,
                 from /home/exopole/Documents/Projet/VTKProject/Cornee/src/DataPachymetry.cpp:1:
/usr/include/c++/4.8/bits/allocator.h:143:5: note: template<class _Tp> bool std::operator!=(const std::allocator<_CharT>&, const std::allocator<_CharT>&)
     operator!=(const allocator<_Tp>&, const allocator<_Tp>&)
     ^
/usr/include/c++/4.8/bits/allocator.h:143:5: note:   template argument deduction/substitution failed:
/home/exopole/Documents/Projet/VTKProject/Cornee/src/DataPachymetry.cpp:224:25: note:   ‘std::vector<float>’ is not derived from ‘const std::allocator<_CharT>’
    if (matrice[x][y] != valeurNull && anterior[x][y] == valeurNull ){
                         ^
In file included from /usr/include/c++/4.8/string:41:0,
                 from /usr/include/c++/4.8/bits/locale_classes.h:40,
                 from /usr/include/c++/4.8/bits/ios_base.h:41,
                 from /usr/include/c++/4.8/ios:42,
                 from /usr/include/c++/4.8/ostream:38,
                 from /usr/include/c++/4.8/iostream:39,
                 from /home/exopole/Documents/Projet/VTKProject/Cornee/include/UtilsVector.h:4,
                 from /home/exopole/Documents/Projet/VTKProject/Cornee/include/DataPachymetry.h:4,
                 from /home/exopole/Documents/Projet/VTKProject/Cornee/src/DataPachymetry.cpp:1:
/usr/include/c++/4.8/bits/allocator.h:138:5: note: template<class _T1, class _T2> bool std::operator!=(const std::allocator<_CharT>&, const std::allocator<_T2>&)
     operator!=(const allocator<_T1>&, const allocator<_T2>&)
     ^
/usr/include/c++/4.8/bits/allocator.h:138:5: note:   template argument deduction/substitution failed:
/home/exopole/Documents/Projet/VTKProject/Cornee/src/DataPachymetry.cpp:224:25: note:   ‘std::vector<float>’ is not derived from ‘const std::allocator<_CharT>’
    if (matrice[x][y] != valeurNull && anterior[x][y] == valeurNull ){
                         ^
In file included from /usr/include/c++/4.8/bits/stl_algobase.h:67:0,
                 from /usr/include/c++/4.8/bits/char_traits.h:39,
                 from /usr/include/c++/4.8/ios:40,
                 from /usr/include/c++/4.8/ostream:38,
                 from /usr/include/c++/4.8/iostream:39,
                 from /home/exopole/Documents/Projet/VTKProject/Cornee/include/UtilsVector.h:4,
                 from /home/exopole/Documents/Projet/VTKProject/Cornee/include/DataPachymetry.h:4,
                 from /home/exopole/Documents/Projet/VTKProject/Cornee/src/DataPachymetry.cpp:1:
/usr/include/c++/4.8/bits/stl_iterator.h:353:5: note: template<class _IteratorL, class _IteratorR> bool std::operator!=(const std::reverse_iterator<_Iterator>&, const std::reverse_iterator<_IteratorR>&)
     operator!=(const reverse_iterator<_IteratorL>& __x,
     ^
/usr/include/c++/4.8/bits/stl_iterator.h:353:5: note:   template argument deduction/substitution failed:
/home/exopole/Documents/Projet/VTKProject/Cornee/src/DataPachymetry.cpp:224:25: note:   ‘std::vector<float>’ is not derived from ‘const std::reverse_iterator<_Iterator>’
    if (matrice[x][y] != valeurNull && anterior[x][y] == valeurNull ){
                         ^
In file included from /usr/include/c++/4.8/bits/stl_algobase.h:67:0,
                 from /usr/include/c++/4.8/bits/char_traits.h:39,
                 from /usr/include/c++/4.8/ios:40,
                 from /usr/include/c++/4.8/ostream:38,
                 from /usr/include/c++/4.8/iostream:39,
                 from /home/exopole/Documents/Projet/VTKProject/Cornee/include/UtilsVector.h:4,
                 from /home/exopole/Documents/Projet/VTKProject/Cornee/include/DataPachymetry.h:4,
                 from /home/exopole/Documents/Projet/VTKProject/Cornee/src/DataPachymetry.cpp:1:
/usr/include/c++/4.8/bits/stl_iterator.h:303:5: note: template<class _Iterator> bool std::operator!=(const std::reverse_iterator<_Iterator>&, const std::reverse_iterator<_Iterator>&)
     operator!=(const reverse_iterator<_Iterator>& __x,
     ^
/usr/include/c++/4.8/bits/stl_iterator.h:303:5: note:   template argument deduction/substitution failed:
/home/exopole/Documents/Projet/VTKProject/Cornee/src/DataPachymetry.cpp:224:25: note:   ‘std::vector<float>’ is not derived from ‘const std::reverse_iterator<_Iterator>’
    if (matrice[x][y] != valeurNull && anterior[x][y] == valeurNull ){
                         ^
In file included from /usr/include/c++/4.8/bits/stl_algobase.h:64:0,
                 from /usr/include/c++/4.8/bits/char_traits.h:39,
                 from /usr/include/c++/4.8/ios:40,
                 from /usr/include/c++/4.8/ostream:38,
                 from /usr/include/c++/4.8/iostream:39,
                 from /home/exopole/Documents/Projet/VTKProject/Cornee/include/UtilsVector.h:4,
                 from /home/exopole/Documents/Projet/VTKProject/Cornee/include/DataPachymetry.h:4,
                 from /home/exopole/Documents/Projet/VTKProject/Cornee/src/DataPachymetry.cpp:1:
/usr/include/c++/4.8/bits/stl_pair.h:227:5: note: template<class _T1, class _T2> bool std::operator!=(const std::pair<_T1, _T2>&, const std::pair<_T1, _T2>&)
     operator!=(const pair<_T1, _T2>& __x, const pair<_T1, _T2>& __y)
     ^
/usr/include/c++/4.8/bits/stl_pair.h:227:5: note:   template argument deduction/substitution failed:
/home/exopole/Documents/Projet/VTKProject/Cornee/src/DataPachymetry.cpp:224:25: note:   ‘std::vector<float>’ is not derived from ‘const std::pair<_T1, _T2>’
    if (matrice[x][y] != valeurNull && anterior[x][y] == valeurNull ){
                         ^
In file included from /usr/include/c++/4.8/iosfwd:40:0,
                 from /usr/include/c++/4.8/ios:38,
                 from /usr/include/c++/4.8/ostream:38,
                 from /usr/include/c++/4.8/iostream:39,
                 from /home/exopole/Documents/Projet/VTKProject/Cornee/include/UtilsVector.h:4,
                 from /home/exopole/Documents/Projet/VTKProject/Cornee/include/DataPachymetry.h:4,
                 from /home/exopole/Documents/Projet/VTKProject/Cornee/src/DataPachymetry.cpp:1:
/usr/include/c++/4.8/bits/postypes.h:221:5: note: template<class _StateT> bool std::operator!=(const std::fpos<_StateT>&, const std::fpos<_StateT>&)
     operator!=(const fpos<_StateT>& __lhs, const fpos<_StateT>& __rhs)
     ^
/usr/include/c++/4.8/bits/postypes.h:221:5: note:   template argument deduction/substitution failed:
/home/exopole/Documents/Projet/VTKProject/Cornee/src/DataPachymetry.cpp:224:25: note:   ‘std::vector<float>’ is not derived from ‘const std::fpos<_StateT>’
    if (matrice[x][y] != valeurNull && anterior[x][y] == valeurNull ){
                         ^
In file included from /usr/include/x86_64-linux-gnu/c++/4.8/bits/c++allocator.h:33:0,
                 from /usr/include/c++/4.8/bits/allocator.h:46,
                 from /usr/include/c++/4.8/string:41,
                 from /usr/include/c++/4.8/bits/locale_classes.h:40,
                 from /usr/include/c++/4.8/bits/ios_base.h:41,
                 from /usr/include/c++/4.8/ios:42,
                 from /usr/include/c++/4.8/ostream:38,
                 from /usr/include/c++/4.8/iostream:39,
                 from /home/exopole/Documents/Projet/VTKProject/Cornee/include/UtilsVector.h:4,
                 from /home/exopole/Documents/Projet/VTKProject/Cornee/include/DataPachymetry.h:4,
                 from /home/exopole/Documents/Projet/VTKProject/Cornee/src/DataPachymetry.cpp:1:
/usr/include/c++/4.8/ext/new_allocator.h:144:5: note: template<class _Tp> bool __gnu_cxx::operator!=(const __gnu_cxx::new_allocator<_Tp>&, const __gnu_cxx::new_allocator<_Tp>&)
     operator!=(const new_allocator<_Tp>&, const new_allocator<_Tp>&)
     ^
/usr/include/c++/4.8/ext/new_allocator.h:144:5: note:   template argument deduction/substitution failed:
/home/exopole/Documents/Projet/VTKProject/Cornee/src/DataPachymetry.cpp:224:25: note:   ‘std::vector<float>’ is not derived from ‘const __gnu_cxx::new_allocator<_Tp>’
    if (matrice[x][y] != valeurNull && anterior[x][y] == valeurNull ){
                         ^
In file included from /usr/include/c++/4.8/bits/stl_algobase.h:67:0,
                 from /usr/include/c++/4.8/bits/char_traits.h:39,
                 from /usr/include/c++/4.8/ios:40,
                 from /usr/include/c++/4.8/ostream:38,
                 from /usr/include/c++/4.8/iostream:39,
                 from /home/exopole/Documents/Projet/VTKProject/Cornee/include/UtilsVector.h:4,
                 from /home/exopole/Documents/Projet/VTKProject/Cornee/include/DataPachymetry.h:4,
                 from /home/exopole/Documents/Projet/VTKProject/Cornee/src/DataPachymetry.cpp:1:
/usr/include/c++/4.8/bits/stl_iterator.h:823:5: note: template<class _Iterator, class _Container> bool __gnu_cxx::operator!=(const __gnu_cxx::__normal_iterator<_Iterator, _Container>&, const __gnu_cxx::__normal_iterator<_Iterator, _Container>&)
     operator!=(const __normal_iterator<_Iterator, _Container>& __lhs,
     ^
/usr/include/c++/4.8/bits/stl_iterator.h:823:5: note:   template argument deduction/substitution failed:
/home/exopole/Documents/Projet/VTKProject/Cornee/src/DataPachymetry.cpp:224:25: note:   ‘std::vector<float>’ is not derived from ‘const __gnu_cxx::__normal_iterator<_Iterator, _Container>’
    if (matrice[x][y] != valeurNull && anterior[x][y] == valeurNull ){
                         ^
In file included from /usr/include/c++/4.8/bits/stl_algobase.h:67:0,
                 from /usr/include/c++/4.8/bits/char_traits.h:39,
                 from /usr/include/c++/4.8/ios:40,
                 from /usr/include/c++/4.8/ostream:38,
                 from /usr/include/c++/4.8/iostream:39,
                 from /home/exopole/Documents/Projet/VTKProject/Cornee/include/UtilsVector.h:4,
                 from /home/exopole/Documents/Projet/VTKProject/Cornee/include/DataPachymetry.h:4,
                 from /home/exopole/Documents/Projet/VTKProject/Cornee/src/DataPachymetry.cpp:1:
/usr/include/c++/4.8/bits/stl_iterator.h:817:5: note: template<class _IteratorL, class _IteratorR, class _Container> bool __gnu_cxx::operator!=(const __gnu_cxx::__normal_iterator<_IteratorL, _Container>&, const __gnu_cxx::__normal_iterator<_IteratorR, _Container>&)
     operator!=(const __normal_iterator<_IteratorL, _Container>& __lhs,
     ^
/usr/include/c++/4.8/bits/stl_iterator.h:817:5: note:   template argument deduction/substitution failed:
/home/exopole/Documents/Projet/VTKProject/Cornee/src/DataPachymetry.cpp:224:25: note:   ‘std::vector<float>’ is not derived from ‘const __gnu_cxx::__normal_iterator<_IteratorL, _Container>’
    if (matrice[x][y] != valeurNull && anterior[x][y] == valeurNull ){
                         ^
/home/exopole/Documents/Projet/VTKProject/Cornee/src/DataPachymetry.cpp:224:54: error: no match for ‘operator==’ (operand types are ‘std::vector<float>’ and ‘float’)
    if (matrice[x][y] != valeurNull && anterior[x][y] == valeurNull ){
                                                      ^
/home/exopole/Documents/Projet/VTKProject/Cornee/src/DataPachymetry.cpp:224:54: note: candidates are:
In file included from /usr/include/c++/4.8/vector:64:0,
                 from /home/exopole/Documents/Projet/VTKProject/Cornee/include/ParserString.h:4,
                 from /home/exopole/Documents/Projet/VTKProject/Cornee/include/UtilsVector.h:5,
                 from /home/exopole/Documents/Projet/VTKProject/Cornee/include/DataPachymetry.h:4,
                 from /home/exopole/Documents/Projet/VTKProject/Cornee/src/DataPachymetry.cpp:1:
/usr/include/c++/4.8/bits/stl_vector.h:1404:5: note: template<class _Tp, class _Alloc> bool std::operator==(const std::vector<_Tp, _Alloc>&, const std::vector<_Tp, _Alloc>&)
     operator==(const vector<_Tp, _Alloc>& __x, const vector<_Tp, _Alloc>& __y)
     ^
/usr/include/c++/4.8/bits/stl_vector.h:1404:5: note:   template argument deduction/substitution failed:
/home/exopole/Documents/Projet/VTKProject/Cornee/src/DataPachymetry.cpp:224:57: note:   mismatched types ‘const std::vector<_Tp, _Alloc>’ and ‘float’
    if (matrice[x][y] != valeurNull && anterior[x][y] == valeurNull ){
                                                         ^
In file included from /usr/include/c++/4.8/bits/locale_facets.h:48:0,
                 from /usr/include/c++/4.8/bits/basic_ios.h:37,
                 from /usr/include/c++/4.8/ios:44,
                 from /usr/include/c++/4.8/ostream:38,
                 from /usr/include/c++/4.8/iostream:39,
                 from /home/exopole/Documents/Projet/VTKProject/Cornee/include/UtilsVector.h:4,
                 from /home/exopole/Documents/Projet/VTKProject/Cornee/include/DataPachymetry.h:4,
                 from /home/exopole/Documents/Projet/VTKProject/Cornee/src/DataPachymetry.cpp:1:
/usr/include/c++/4.8/bits/streambuf_iterator.h:204:5: note: template<class _CharT, class _Traits> bool std::operator==(const std::istreambuf_iterator<_CharT, _Traits>&, const std::istreambuf_iterator<_CharT, _Traits>&)
     operator==(const istreambuf_iterator<_CharT, _Traits>& __a,
     ^
/usr/include/c++/4.8/bits/streambuf_iterator.h:204:5: note:   template argument deduction/substitution failed:
/home/exopole/Documents/Projet/VTKProject/Cornee/src/DataPachymetry.cpp:224:57: note:   ‘std::vector<float>’ is not derived from ‘const std::istreambuf_iterator<_CharT, _Traits>’
    if (matrice[x][y] != valeurNull && anterior[x][y] == valeurNull ){
                                                         ^
In file included from /usr/include/c++/4.8/string:52:0,
                 from /usr/include/c++/4.8/bits/locale_classes.h:40,
                 from /usr/include/c++/4.8/bits/ios_base.h:41,
                 from /usr/include/c++/4.8/ios:42,
                 from /usr/include/c++/4.8/ostream:38,
                 from /usr/include/c++/4.8/iostream:39,
                 from /home/exopole/Documents/Projet/VTKProject/Cornee/include/UtilsVector.h:4,
                 from /home/exopole/Documents/Projet/VTKProject/Cornee/include/DataPachymetry.h:4,
                 from /home/exopole/Documents/Projet/VTKProject/Cornee/src/DataPachymetry.cpp:1:
/usr/include/c++/4.8/bits/basic_string.h:2519:5: note: template<class _CharT, class _Traits, class _Alloc> bool std::operator==(const std::basic_string<_CharT, _Traits, _Alloc>&, const _CharT*)
     operator==(const basic_string<_CharT, _Traits, _Alloc>& __lhs,
     ^
/usr/include/c++/4.8/bits/basic_string.h:2519:5: note:   template argument deduction/substitution failed:
/home/exopole/Documents/Projet/VTKProject/Cornee/src/DataPachymetry.cpp:224:57: note:   ‘std::vector<float>’ is not derived from ‘const std::basic_string<_CharT, _Traits, _Alloc>’
    if (matrice[x][y] != valeurNull && anterior[x][y] == valeurNull ){
                                                         ^
In file included from /usr/include/c++/4.8/string:52:0,
                 from /usr/include/c++/4.8/bits/locale_classes.h:40,
                 from /usr/include/c++/4.8/bits/ios_base.h:41,
                 from /usr/include/c++/4.8/ios:42,
                 from /usr/include/c++/4.8/ostream:38,
                 from /usr/include/c++/4.8/iostream:39,
                 from /home/exopole/Documents/Projet/VTKProject/Cornee/include/UtilsVector.h:4,
                 from /home/exopole/Documents/Projet/VTKProject/Cornee/include/DataPachymetry.h:4,
                 from /home/exopole/Documents/Projet/VTKProject/Cornee/src/DataPachymetry.cpp:1:
/usr/include/c++/4.8/bits/basic_string.h:2507:5: note: template<class _CharT, class _Traits, class _Alloc> bool std::operator==(const _CharT*, const std::basic_string<_CharT, _Traits, _Alloc>&)
     operator==(const _CharT* __lhs,
     ^
/usr/include/c++/4.8/bits/basic_string.h:2507:5: note:   template argument deduction/substitution failed:
/home/exopole/Documents/Projet/VTKProject/Cornee/src/DataPachymetry.cpp:224:57: note:   mismatched types ‘const _CharT*’ and ‘std::vector<float>’
    if (matrice[x][y] != valeurNull && anterior[x][y] == valeurNull ){
                                                         ^
In file included from /usr/include/c++/4.8/string:52:0,
                 from /usr/include/c++/4.8/bits/locale_classes.h:40,
                 from /usr/include/c++/4.8/bits/ios_base.h:41,
                 from /usr/include/c++/4.8/ios:42,
                 from /usr/include/c++/4.8/ostream:38,
                 from /usr/include/c++/4.8/iostream:39,
                 from /home/exopole/Documents/Projet/VTKProject/Cornee/include/UtilsVector.h:4,
                 from /home/exopole/Documents/Projet/VTKProject/Cornee/include/DataPachymetry.h:4,
                 from /home/exopole/Documents/Projet/VTKProject/Cornee/src/DataPachymetry.cpp:1:
/usr/include/c++/4.8/bits/basic_string.h:2493:5: note: template<class _CharT> typename __gnu_cxx::__enable_if<std::__is_char<_Tp>::__value, bool>::__type std::operator==(const std::basic_string<_CharT>&, const std::basic_string<_CharT>&)
     operator==(const basic_string<_CharT>& __lhs,
     ^
/usr/include/c++/4.8/bits/basic_string.h:2493:5: note:   template argument deduction/substitution failed:
/home/exopole/Documents/Projet/VTKProject/Cornee/src/DataPachymetry.cpp:224:57: note:   ‘std::vector<float>’ is not derived from ‘const std::basic_string<_CharT>’
    if (matrice[x][y] != valeurNull && anterior[x][y] == valeurNull ){
                                                         ^
In file included from /usr/include/c++/4.8/string:52:0,
                 from /usr/include/c++/4.8/bits/locale_classes.h:40,
                 from /usr/include/c++/4.8/bits/ios_base.h:41,
                 from /usr/include/c++/4.8/ios:42,
                 from /usr/include/c++/4.8/ostream:38,
                 from /usr/include/c++/4.8/iostream:39,
                 from /home/exopole/Documents/Projet/VTKProject/Cornee/include/UtilsVector.h:4,
                 from /home/exopole/Documents/Projet/VTKProject/Cornee/include/DataPachymetry.h:4,
                 from /home/exopole/Documents/Projet/VTKProject/Cornee/src/DataPachymetry.cpp:1:
/usr/include/c++/4.8/bits/basic_string.h:2486:5: note: template<class _CharT, class _Traits, class _Alloc> bool std::operator==(const std::basic_string<_CharT, _Traits, _Alloc>&, const std::basic_string<_CharT, _Traits, _Alloc>&)
     operator==(const basic_string<_CharT, _Traits, _Alloc>& __lhs,
     ^
/usr/include/c++/4.8/bits/basic_string.h:2486:5: note:   template argument deduction/substitution failed:
/home/exopole/Documents/Projet/VTKProject/Cornee/src/DataPachymetry.cpp:224:57: note:   ‘std::vector<float>’ is not derived from ‘const std::basic_string<_CharT, _Traits, _Alloc>’
    if (matrice[x][y] != valeurNull && anterior[x][y] == valeurNull ){
                                                         ^
In file included from /usr/include/c++/4.8/string:41:0,
                 from /usr/include/c++/4.8/bits/locale_classes.h:40,
                 from /usr/include/c++/4.8/bits/ios_base.h:41,
                 from /usr/include/c++/4.8/ios:42,
                 from /usr/include/c++/4.8/ostream:38,
                 from /usr/include/c++/4.8/iostream:39,
                 from /home/exopole/Documents/Projet/VTKProject/Cornee/include/UtilsVector.h:4,
                 from /home/exopole/Documents/Projet/VTKProject/Cornee/include/DataPachymetry.h:4,
                 from /home/exopole/Documents/Projet/VTKProject/Cornee/src/DataPachymetry.cpp:1:
/usr/include/c++/4.8/bits/allocator.h:133:5: note: template<class _Tp> bool std::operator==(const std::allocator<_CharT>&, const std::allocator<_CharT>&)
     operator==(const allocator<_Tp>&, const allocator<_Tp>&)
     ^
/usr/include/c++/4.8/bits/allocator.h:133:5: note:   template argument deduction/substitution failed:
/home/exopole/Documents/Projet/VTKProject/Cornee/src/DataPachymetry.cpp:224:57: note:   ‘std::vector<float>’ is not derived from ‘const std::allocator<_CharT>’
    if (matrice[x][y] != valeurNull && anterior[x][y] == valeurNull ){
                                                         ^
In file included from /usr/include/c++/4.8/string:41:0,
                 from /usr/include/c++/4.8/bits/locale_classes.h:40,
                 from /usr/include/c++/4.8/bits/ios_base.h:41,
                 from /usr/include/c++/4.8/ios:42,
                 from /usr/include/c++/4.8/ostream:38,
                 from /usr/include/c++/4.8/iostream:39,
                 from /home/exopole/Documents/Projet/VTKProject/Cornee/include/UtilsVector.h:4,
                 from /home/exopole/Documents/Projet/VTKProject/Cornee/include/DataPachymetry.h:4,
                 from /home/exopole/Documents/Projet/VTKProject/Cornee/src/DataPachymetry.cpp:1:
/usr/include/c++/4.8/bits/allocator.h:128:5: note: template<class _T1, class _T2> bool std::operator==(const std::allocator<_CharT>&, const std::allocator<_T2>&)
     operator==(const allocator<_T1>&, const allocator<_T2>&)
     ^
/usr/include/c++/4.8/bits/allocator.h:128:5: note:   template argument deduction/substitution failed:
/home/exopole/Documents/Projet/VTKProject/Cornee/src/DataPachymetry.cpp:224:57: note:   ‘std::vector<float>’ is not derived from ‘const std::allocator<_CharT>’
    if (matrice[x][y] != valeurNull && anterior[x][y] == valeurNull ){
                                                         ^
In file included from /usr/include/c++/4.8/bits/stl_algobase.h:67:0,
                 from /usr/include/c++/4.8/bits/char_traits.h:39,
                 from /usr/include/c++/4.8/ios:40,
                 from /usr/include/c++/4.8/ostream:38,
                 from /usr/include/c++/4.8/iostream:39,
                 from /home/exopole/Documents/Projet/VTKProject/Cornee/include/UtilsVector.h:4,
                 from /home/exopole/Documents/Projet/VTKProject/Cornee/include/DataPachymetry.h:4,
                 from /home/exopole/Documents/Projet/VTKProject/Cornee/src/DataPachymetry.cpp:1:
/usr/include/c++/4.8/bits/stl_iterator.h:341:5: note: template<class _IteratorL, class _IteratorR> bool std::operator==(const std::reverse_iterator<_Iterator>&, const std::reverse_iterator<_IteratorR>&)
     operator==(const reverse_iterator<_IteratorL>& __x,
     ^
/usr/include/c++/4.8/bits/stl_iterator.h:341:5: note:   template argument deduction/substitution failed:
/home/exopole/Documents/Projet/VTKProject/Cornee/src/DataPachymetry.cpp:224:57: note:   ‘std::vector<float>’ is not derived from ‘const std::reverse_iterator<_Iterator>’
    if (matrice[x][y] != valeurNull && anterior[x][y] == valeurNull ){
                                                         ^
In file included from /usr/include/c++/4.8/bits/stl_algobase.h:67:0,
                 from /usr/include/c++/4.8/bits/char_traits.h:39,
                 from /usr/include/c++/4.8/ios:40,
                 from /usr/include/c++/4.8/ostream:38,
                 from /usr/include/c++/4.8/iostream:39,
                 from /home/exopole/Documents/Projet/VTKProject/Cornee/include/UtilsVector.h:4,
                 from /home/exopole/Documents/Projet/VTKProject/Cornee/include/DataPachymetry.h:4,
                 from /home/exopole/Documents/Projet/VTKProject/Cornee/src/DataPachymetry.cpp:1:
/usr/include/c++/4.8/bits/stl_iterator.h:291:5: note: template<class _Iterator> bool std::operator==(const std::reverse_iterator<_Iterator>&, const std::reverse_iterator<_Iterator>&)
     operator==(const reverse_iterator<_Iterator>& __x,
     ^
/usr/include/c++/4.8/bits/stl_iterator.h:291:5: note:   template argument deduction/substitution failed:
/home/exopole/Documents/Projet/VTKProject/Cornee/src/DataPachymetry.cpp:224:57: note:   ‘std::vector<float>’ is not derived from ‘const std::reverse_iterator<_Iterator>’
    if (matrice[x][y] != valeurNull && anterior[x][y] == valeurNull ){
                                                         ^
In file included from /usr/include/c++/4.8/bits/stl_algobase.h:64:0,
                 from /usr/include/c++/4.8/bits/char_traits.h:39,
                 from /usr/include/c++/4.8/ios:40,
                 from /usr/include/c++/4.8/ostream:38,
                 from /usr/include/c++/4.8/iostream:39,
                 from /home/exopole/Documents/Projet/VTKProject/Cornee/include/UtilsVector.h:4,
                 from /home/exopole/Documents/Projet/VTKProject/Cornee/include/DataPachymetry.h:4,
                 from /home/exopole/Documents/Projet/VTKProject/Cornee/src/DataPachymetry.cpp:1:
/usr/include/c++/4.8/bits/stl_pair.h:214:5: note: template<class _T1, class _T2> bool std::operator==(const std::pair<_T1, _T2>&, const std::pair<_T1, _T2>&)
     operator==(const pair<_T1, _T2>& __x, const pair<_T1, _T2>& __y)
     ^
/usr/include/c++/4.8/bits/stl_pair.h:214:5: note:   template argument deduction/substitution failed:
/home/exopole/Documents/Projet/VTKProject/Cornee/src/DataPachymetry.cpp:224:57: note:   ‘std::vector<float>’ is not derived from ‘const std::pair<_T1, _T2>’
    if (matrice[x][y] != valeurNull && anterior[x][y] == valeurNull ){
                                                         ^
In file included from /usr/include/c++/4.8/iosfwd:40:0,
                 from /usr/include/c++/4.8/ios:38,
                 from /usr/include/c++/4.8/ostream:38,
                 from /usr/include/c++/4.8/iostream:39,
                 from /home/exopole/Documents/Projet/VTKProject/Cornee/include/UtilsVector.h:4,
                 from /home/exopole/Documents/Projet/VTKProject/Cornee/include/DataPachymetry.h:4,
                 from /home/exopole/Documents/Projet/VTKProject/Cornee/src/DataPachymetry.cpp:1:
/usr/include/c++/4.8/bits/postypes.h:216:5: note: template<class _StateT> bool std::operator==(const std::fpos<_StateT>&, const std::fpos<_StateT>&)
     operator==(const fpos<_StateT>& __lhs, const fpos<_StateT>& __rhs)
     ^
/usr/include/c++/4.8/bits/postypes.h:216:5: note:   template argument deduction/substitution failed:
/home/exopole/Documents/Projet/VTKProject/Cornee/src/DataPachymetry.cpp:224:57: note:   ‘std::vector<float>’ is not derived from ‘const std::fpos<_StateT>’
    if (matrice[x][y] != valeurNull && anterior[x][y] == valeurNull ){
                                                         ^
In file included from /usr/include/x86_64-linux-gnu/c++/4.8/bits/c++allocator.h:33:0,
                 from /usr/include/c++/4.8/bits/allocator.h:46,
                 from /usr/include/c++/4.8/string:41,
                 from /usr/include/c++/4.8/bits/locale_classes.h:40,
                 from /usr/include/c++/4.8/bits/ios_base.h:41,
                 from /usr/include/c++/4.8/ios:42,
                 from /usr/include/c++/4.8/ostream:38,
                 from /usr/include/c++/4.8/iostream:39,
                 from /home/exopole/Documents/Projet/VTKProject/Cornee/include/UtilsVector.h:4,
                 from /home/exopole/Documents/Projet/VTKProject/Cornee/include/DataPachymetry.h:4,
                 from /home/exopole/Documents/Projet/VTKProject/Cornee/src/DataPachymetry.cpp:1:
/usr/include/c++/4.8/ext/new_allocator.h:139:5: note: template<class _Tp> bool __gnu_cxx::operator==(const __gnu_cxx::new_allocator<_Tp>&, const __gnu_cxx::new_allocator<_Tp>&)
     operator==(const new_allocator<_Tp>&, const new_allocator<_Tp>&)
     ^
/usr/include/c++/4.8/ext/new_allocator.h:139:5: note:   template argument deduction/substitution failed:
/home/exopole/Documents/Projet/VTKProject/Cornee/src/DataPachymetry.cpp:224:57: note:   ‘std::vector<float>’ is not derived from ‘const __gnu_cxx::new_allocator<_Tp>’
    if (matrice[x][y] != valeurNull && anterior[x][y] == valeurNull ){
                                                         ^
In file included from /usr/include/c++/4.8/bits/stl_algobase.h:67:0,
                 from /usr/include/c++/4.8/bits/char_traits.h:39,
                 from /usr/include/c++/4.8/ios:40,
                 from /usr/include/c++/4.8/ostream:38,
                 from /usr/include/c++/4.8/iostream:39,
                 from /home/exopole/Documents/Projet/VTKProject/Cornee/include/UtilsVector.h:4,
                 from /home/exopole/Documents/Projet/VTKProject/Cornee/include/DataPachymetry.h:4,
                 from /home/exopole/Documents/Projet/VTKProject/Cornee/src/DataPachymetry.cpp:1:
/usr/include/c++/4.8/bits/stl_iterator.h:811:5: note: template<class _Iterator, class _Container> bool __gnu_cxx::operator==(const __gnu_cxx::__normal_iterator<_Iterator, _Container>&, const __gnu_cxx::__normal_iterator<_Iterator, _Container>&)
     operator==(const __normal_iterator<_Iterator, _Container>& __lhs,
     ^
/usr/include/c++/4.8/bits/stl_iterator.h:811:5: note:   template argument deduction/substitution failed:
/home/exopole/Documents/Projet/VTKProject/Cornee/src/DataPachymetry.cpp:224:57: note:   ‘std::vector<float>’ is not derived from ‘const __gnu_cxx::__normal_iterator<_Iterator, _Container>’
    if (matrice[x][y] != valeurNull && anterior[x][y] == valeurNull ){
                                                         ^
In file included from /usr/include/c++/4.8/bits/stl_algobase.h:67:0,
                 from /usr/include/c++/4.8/bits/char_traits.h:39,
                 from /usr/include/c++/4.8/ios:40,
                 from /usr/include/c++/4.8/ostream:38,
                 from /usr/include/c++/4.8/iostream:39,
                 from /home/exopole/Documents/Projet/VTKProject/Cornee/include/UtilsVector.h:4,
                 from /home/exopole/Documents/Projet/VTKProject/Cornee/include/DataPachymetry.h:4,
                 from /home/exopole/Documents/Projet/VTKProject/Cornee/src/DataPachymetry.cpp:1:
/usr/include/c++/4.8/bits/stl_iterator.h:805:5: note: template<class _IteratorL, class _IteratorR, class _Container> bool __gnu_cxx::operator==(const __gnu_cxx::__normal_iterator<_IteratorL, _Container>&, const __gnu_cxx::__normal_iterator<_IteratorR, _Container>&)
     operator==(const __normal_iterator<_IteratorL, _Container>& __lhs,
     ^
/usr/include/c++/4.8/bits/stl_iterator.h:805:5: note:   template argument deduction/substitution failed:
/home/exopole/Documents/Projet/VTKProject/Cornee/src/DataPachymetry.cpp:224:57: note:   ‘std::vector<float>’ is not derived from ‘const __gnu_cxx::__normal_iterator<_IteratorL, _Container>’
    if (matrice[x][y] != valeurNull && anterior[x][y] == valeurNull ){
                                                         ^
/home/exopole/Documents/Projet/VTKProject/Cornee/src/DataPachymetry.cpp:225:57: error: no matching function for call to ‘Vecteur3D<float>::Vecteur3D(double, double, std::vector<float>&)’
     Vec3f orig(-5 + x * 0.1, -5 + y * 0.1, matrice[x][y]);
                                                         ^
/home/exopole/Documents/Projet/VTKProject/Cornee/src/DataPachymetry.cpp:225:57: note: candidates are:
In file included from /home/exopole/Documents/Projet/VTKProject/Cornee/include/Triangle.h:5:0,
                 from /home/exopole/Documents/Projet/VTKProject/Cornee/include/UtilsGeometry.h:18,
                 from /home/exopole/Documents/Projet/VTKProject/Cornee/include/DataPachymetry.h:5,
                 from /home/exopole/Documents/Projet/VTKProject/Cornee/src/DataPachymetry.cpp:1:
/home/exopole/Documents/Projet/VTKProject/Cornee/include/Vecteur3D.h:49:2: note: Vecteur3D<T>::Vecteur3D(T, T, T) [with T = float]
  Vecteur3D(T xx, T yy, T zz) : x(xx), y(yy), z(zz) {}
  ^
/home/exopole/Documents/Projet/VTKProject/Cornee/include/Vecteur3D.h:49:2: note:   no known conversion for argument 3 from ‘std::vector<float>’ to ‘float’
/home/exopole/Documents/Projet/VTKProject/Cornee/include/Vecteur3D.h:42:2: note: Vecteur3D<T>::Vecteur3D(Point, Point) [with T = float]
  Vecteur3D(Point pt, Point pt2) : x(pt2.x() - pt.x()), y(pt2.y() - pt.y()), z(pt2.z() - pt.z()) {}
  ^
/home/exopole/Documents/Projet/VTKProject/Cornee/include/Vecteur3D.h:42:2: note:   candidate expects 2 arguments, 3 provided
/home/exopole/Documents/Projet/VTKProject/Cornee/include/Vecteur3D.h:35:2: note: Vecteur3D<T>::Vecteur3D(Point) [with T = float]
  Vecteur3D(Point pt) : x(pt.x()), y(pt.y()), z(pt.z()) {}
  ^
/home/exopole/Documents/Projet/VTKProject/Cornee/include/Vecteur3D.h:35:2: note:   candidate expects 1 argument, 3 provided
/home/exopole/Documents/Projet/VTKProject/Cornee/include/Vecteur3D.h:28:2: note: Vecteur3D<T>::Vecteur3D(T) [with T = float]
  Vecteur3D(T xx) : x(xx), y(xx), z(xx) {}
  ^
/home/exopole/Documents/Projet/VTKProject/Cornee/include/Vecteur3D.h:28:2: note:   candidate expects 1 argument, 3 provided
/home/exopole/Documents/Projet/VTKProject/Cornee/include/Vecteur3D.h:21:2: note: Vecteur3D<T>::Vecteur3D() [with T = float]
  Vecteur3D(): x(T(0)), y(T(0)), z(T(0)) {} 
  ^
/home/exopole/Documents/Projet/VTKProject/Cornee/include/Vecteur3D.h:21:2: note:   candidate expects 0 arguments, 3 provided
/home/exopole/Documents/Projet/VTKProject/Cornee/include/Vecteur3D.h:12:7: note: Vecteur3D<float>::Vecteur3D(const Vecteur3D<float>&)
 class Vecteur3D
       ^
/home/exopole/Documents/Projet/VTKProject/Cornee/include/Vecteur3D.h:12:7: note:   candidate expects 1 argument, 3 provided
/home/exopole/Documents/Projet/VTKProject/Cornee/src/DataPachymetry.cpp:226:37: error: request for member ‘x’ in ‘((DataPachymetry*)this)->DataPachymetry::center’, which is of pointer type ‘Point*’ (maybe you meant to use ‘->’ ?)
     Vec3f dir(-5 + x * 0.1 - center.x(), -5 + y * 0.1 - center.y(), matrice[x][y] - center.z());
                                     ^
/home/exopole/Documents/Projet/VTKProject/Cornee/src/DataPachymetry.cpp:226:64: error: request for member ‘y’ in ‘((DataPachymetry*)this)->DataPachymetry::center’, which is of pointer type ‘Point*’ (maybe you meant to use ‘->’ ?)
     Vec3f dir(-5 + x * 0.1 - center.x(), -5 + y * 0.1 - center.y(), matrice[x][y] - center.z());
                                                                ^
/home/exopole/Documents/Projet/VTKProject/Cornee/src/DataPachymetry.cpp:226:92: error: request for member ‘z’ in ‘((DataPachymetry*)this)->DataPachymetry::center’, which is of pointer type ‘Point*’ (maybe you meant to use ‘->’ ?)
     Vec3f dir(-5 + x * 0.1 - center.x(), -5 + y * 0.1 - center.y(), matrice[x][y] - center.z());
                                                                                            ^
/home/exopole/Documents/Projet/VTKProject/Cornee/src/DataPachymetry.cpp:230:24: error: request for member ‘V0Vec3f’ in ‘triangle’, which is of pointer type ‘Triangle*’ (maybe you meant to use ‘->’ ?)
               triangle.V0Vec3f(), triangle.V1Vec3f(), triangle.V2Vec3f(), 
                        ^
/home/exopole/Documents/Projet/VTKProject/Cornee/src/DataPachymetry.cpp:230:44: error: request for member ‘V1Vec3f’ in ‘triangle’, which is of pointer type ‘Triangle*’ (maybe you meant to use ‘->’ ?)
               triangle.V0Vec3f(), triangle.V1Vec3f(), triangle.V2Vec3f(), 
                                            ^
/home/exopole/Documents/Projet/VTKProject/Cornee/src/DataPachymetry.cpp:230:64: error: request for member ‘V2Vec3f’ in ‘triangle’, which is of pointer type ‘Triangle*’ (maybe you meant to use ‘->’ ?)
               triangle.V0Vec3f(), triangle.V1Vec3f(), triangle.V2Vec3f(), 
                                                                ^
/home/exopole/Documents/Projet/VTKProject/Cornee/src/DataPachymetry.cpp:233:27: error: ‘class std::vector<Point>’ has no member named ‘setCoordonne’
      coordIntersect[x][y].setCoordonne(t, u, v);
                           ^
/home/exopole/Documents/Projet/VTKProject/Cornee/src/DataPachymetry.cpp: In member function ‘void DataPachymetry::findPointIntersectV2(Triangle*, float, std::vector<std::vector<float> >*)’:
/home/exopole/Documents/Projet/VTKProject/Cornee/src/DataPachymetry.cpp:272:23: error: no matching function for call to ‘Ray::Ray(Point&, Point*&)’
     Ray R(orig, center);
                       ^
/home/exopole/Documents/Projet/VTKProject/Cornee/src/DataPachymetry.cpp:272:23: note: candidates are:
In file included from /home/exopole/Documents/Projet/VTKProject/Cornee/include/UtilsGeometry.h:17:0,
                 from /home/exopole/Documents/Projet/VTKProject/Cornee/include/DataPachymetry.h:5,
                 from /home/exopole/Documents/Projet/VTKProject/Cornee/src/DataPachymetry.cpp:1:
/home/exopole/Documents/Projet/VTKProject/Cornee/include/Ray.h:9:3: note: Ray::Ray(Point, Point)
   Ray(Point P0, Point P1);
   ^
/home/exopole/Documents/Projet/VTKProject/Cornee/include/Ray.h:9:3: note:   no known conversion for argument 2 from ‘Point*’ to ‘Point’
/home/exopole/Documents/Projet/VTKProject/Cornee/include/Ray.h:6:7: note: Ray::Ray(const Ray&)
 class Ray
       ^
/home/exopole/Documents/Projet/VTKProject/Cornee/include/Ray.h:6:7: note:   candidate expects 1 argument, 2 provided
/home/exopole/Documents/Projet/VTKProject/Cornee/src/DataPachymetry.cpp:274:64: error: no matching function for call to ‘UtilsGeometry::intersect3D_RayTriangle(Ray&, Triangle*&, Point&)’
     if (UtilsGeometry::intersect3D_RayTriangle( R, triangle, I ) == 1)
                                                                ^
/home/exopole/Documents/Projet/VTKProject/Cornee/src/DataPachymetry.cpp:274:64: note: candidate is:
In file included from /home/exopole/Documents/Projet/VTKProject/Cornee/include/DataPachymetry.h:5:0,
                 from /home/exopole/Documents/Projet/VTKProject/Cornee/src/DataPachymetry.cpp:1:
/home/exopole/Documents/Projet/VTKProject/Cornee/include/UtilsGeometry.h:38:15: note: static int UtilsGeometry::intersect3D_RayTriangle(Ray, Triangle, Point&)
    static int intersect3D_RayTriangle( Ray R, Triangle T, Point &I );
               ^
/home/exopole/Documents/Projet/VTKProject/Cornee/include/UtilsGeometry.h:38:15: note:   no known conversion for argument 2 from ‘Triangle*’ to ‘Triangle’
make[2]: *** [CMakeFiles/Cornea.dir/src/DataPachymetry.cpp.o] Error 1
make[1]: *** [CMakeFiles/Cornea.dir/all] Error 2
make: *** [all] Error 2
